sfml-window-s.lib(VideoMode.cpp.obj) : error LNK2038: não correspondência detectada para '_ITERATOR_DEBUG_LEVEL': valor '0' não corresponde ao valor '2' no Rinha.obj
sfml-window-s.lib(VideoMode.cpp.obj) : error LNK2038: não correspondência detectada para 'RuntimeLibrary': valor 'MD_DynamicRelease' não corresponde ao valor 'MDd_DynamicDebug' no Rinha.obj
sfml-window-s.lib(Window.cpp.obj) : error LNK2038: não correspondência detectada para '_ITERATOR_DEBUG_LEVEL': valor '0' não corresponde ao valor '2' no Rinha.obj
sfml-window-s.lib(Window.cpp.obj) : error LNK2038: não correspondência detectada para 'RuntimeLibrary': valor 'MD_DynamicRelease' não corresponde ao valor 'MDd_DynamicDebug' no Rinha.obj
sfml-window-s.lib(VideoModeImpl.cpp.obj) : error LNK2038: não correspondência detectada para '_ITERATOR_DEBUG_LEVEL': valor '0' não corresponde ao valor '2' no Rinha.obj
sfml-window-s.lib(VideoModeImpl.cpp.obj) : error LNK2038: não correspondência detectada para 'RuntimeLibrary': valor 'MD_DynamicRelease' não corresponde ao valor 'MDd_DynamicDebug' no Rinha.obj
sfml-window-s.lib(GlContext.cpp.obj) : error LNK2038: não correspondência detectada para '_ITERATOR_DEBUG_LEVEL': valor '0' não corresponde ao valor '2' no Rinha.obj
sfml-window-s.lib(GlContext.cpp.obj) : error LNK2038: não correspondência detectada para 'RuntimeLibrary': valor 'MD_DynamicRelease' não corresponde ao valor 'MDd_DynamicDebug' no Rinha.obj
sfml-window-s.lib(WindowImpl.cpp.obj) : error LNK2038: não correspondência detectada para '_ITERATOR_DEBUG_LEVEL': valor '0' não corresponde ao valor '2' no Rinha.obj
sfml-window-s.lib(WindowImpl.cpp.obj) : error LNK2038: não correspondência detectada para 'RuntimeLibrary': valor 'MD_DynamicRelease' não corresponde ao valor 'MDd_DynamicDebug' no Rinha.obj
sfml-window-s.lib(CursorImpl.cpp.obj) : error LNK2038: não correspondência detectada para '_ITERATOR_DEBUG_LEVEL': valor '0' não corresponde ao valor '2' no Rinha.obj
sfml-window-s.lib(CursorImpl.cpp.obj) : error LNK2038: não correspondência detectada para 'RuntimeLibrary': valor 'MD_DynamicRelease' não corresponde ao valor 'MDd_DynamicDebug' no Rinha.obj
sfml-window-s.lib(WglContext.cpp.obj) : error LNK2038: não correspondência detectada para '_ITERATOR_DEBUG_LEVEL': valor '0' não corresponde ao valor '2' no Rinha.obj
sfml-window-s.lib(WglContext.cpp.obj) : error LNK2038: não correspondência detectada para 'RuntimeLibrary': valor 'MD_DynamicRelease' não corresponde ao valor 'MDd_DynamicDebug' no Rinha.obj
sfml-window-s.lib(JoystickManager.cpp.obj) : error LNK2038: não correspondência detectada para '_ITERATOR_DEBUG_LEVEL': valor '0' não corresponde ao valor '2' no Rinha.obj
sfml-window-s.lib(JoystickManager.cpp.obj) : error LNK2038: não correspondência detectada para 'RuntimeLibrary': valor 'MD_DynamicRelease' não corresponde ao valor 'MDd_DynamicDebug' no Rinha.obj
sfml-window-s.lib(SensorManager.cpp.obj) : error LNK2038: não correspondência detectada para '_ITERATOR_DEBUG_LEVEL': valor '0' não corresponde ao valor '2' no Rinha.obj
sfml-window-s.lib(SensorManager.cpp.obj) : error LNK2038: não correspondência detectada para 'RuntimeLibrary': valor 'MD_DynamicRelease' não corresponde ao valor 'MDd_DynamicDebug' no Rinha.obj
sfml-window-s.lib(WindowImplWin32.cpp.obj) : error LNK2038: não correspondência detectada para '_ITERATOR_DEBUG_LEVEL': valor '0' não corresponde ao valor '2' no Rinha.obj
sfml-window-s.lib(WindowImplWin32.cpp.obj) : error LNK2038: não correspondência detectada para 'RuntimeLibrary': valor 'MD_DynamicRelease' não corresponde ao valor 'MDd_DynamicDebug' no Rinha.obj
sfml-window-s.lib(WglExtensions.cpp.obj) : error LNK2038: não correspondência detectada para '_ITERATOR_DEBUG_LEVEL': valor '0' não corresponde ao valor '2' no Rinha.obj
sfml-window-s.lib(WglExtensions.cpp.obj) : error LNK2038: não correspondência detectada para 'RuntimeLibrary': valor 'MD_DynamicRelease' não corresponde ao valor 'MDd_DynamicDebug' no Rinha.obj
sfml-window-s.lib(Joystick.cpp.obj) : error LNK2038: não correspondência detectada para '_ITERATOR_DEBUG_LEVEL': valor '0' não corresponde ao valor '2' no Rinha.obj
sfml-window-s.lib(Joystick.cpp.obj) : error LNK2038: não correspondência detectada para 'RuntimeLibrary': valor 'MD_DynamicRelease' não corresponde ao valor 'MDd_DynamicDebug' no Rinha.obj
sfml-window-s.lib(JoystickImpl.cpp.obj) : error LNK2038: não correspondência detectada para '_ITERATOR_DEBUG_LEVEL': valor '0' não corresponde ao valor '2' no Rinha.obj
sfml-window-s.lib(JoystickImpl.cpp.obj) : error LNK2038: não correspondência detectada para 'RuntimeLibrary': valor 'MD_DynamicRelease' não corresponde ao valor 'MDd_DynamicDebug' no Rinha.obj
sfml-system-s.lib(String.cpp.obj) : error LNK2038: não correspondência detectada para '_ITERATOR_DEBUG_LEVEL': valor '0' não corresponde ao valor '2' no Rinha.obj
sfml-system-s.lib(String.cpp.obj) : error LNK2038: não correspondência detectada para 'RuntimeLibrary': valor 'MD_DynamicRelease' não corresponde ao valor 'MDd_DynamicDebug' no Rinha.obj
sfml-system-s.lib(Err.cpp.obj) : error LNK2038: não correspondência detectada para '_ITERATOR_DEBUG_LEVEL': valor '0' não corresponde ao valor '2' no Rinha.obj
sfml-system-s.lib(Err.cpp.obj) : error LNK2038: não correspondência detectada para 'RuntimeLibrary': valor 'MD_DynamicRelease' não corresponde ao valor 'MDd_DynamicDebug' no Rinha.obj
sfml-graphics-s.lib(Color.cpp.obj) : error LNK2038: não correspondência detectada para '_ITERATOR_DEBUG_LEVEL': valor '0' não corresponde ao valor '2' no Rinha.obj
sfml-graphics-s.lib(Color.cpp.obj) : error LNK2038: não correspondência detectada para 'RuntimeLibrary': valor 'MD_DynamicRelease' não corresponde ao valor 'MDd_DynamicDebug' no Rinha.obj
sfml-graphics-s.lib(Shape.cpp.obj) : error LNK2038: não correspondência detectada para '_ITERATOR_DEBUG_LEVEL': valor '0' não corresponde ao valor '2' no Rinha.obj
sfml-graphics-s.lib(Shape.cpp.obj) : error LNK2038: não correspondência detectada para 'RuntimeLibrary': valor 'MD_DynamicRelease' não corresponde ao valor 'MDd_DynamicDebug' no Rinha.obj
sfml-graphics-s.lib(CircleShape.cpp.obj) : error LNK2038: não correspondência detectada para '_ITERATOR_DEBUG_LEVEL': valor '0' não corresponde ao valor '2' no Rinha.obj
sfml-graphics-s.lib(CircleShape.cpp.obj) : error LNK2038: não correspondência detectada para 'RuntimeLibrary': valor 'MD_DynamicRelease' não corresponde ao valor 'MDd_DynamicDebug' no Rinha.obj
sfml-graphics-s.lib(RenderTarget.cpp.obj) : error LNK2038: não correspondência detectada para '_ITERATOR_DEBUG_LEVEL': valor '0' não corresponde ao valor '2' no Rinha.obj
sfml-graphics-s.lib(RenderTarget.cpp.obj) : error LNK2038: não correspondência detectada para 'RuntimeLibrary': valor 'MD_DynamicRelease' não corresponde ao valor 'MDd_DynamicDebug' no Rinha.obj
sfml-graphics-s.lib(RenderWindow.cpp.obj) : error LNK2038: não correspondência detectada para '_ITERATOR_DEBUG_LEVEL': valor '0' não corresponde ao valor '2' no Rinha.obj
sfml-graphics-s.lib(RenderWindow.cpp.obj) : error LNK2038: não correspondência detectada para 'RuntimeLibrary': valor 'MD_DynamicRelease' não corresponde ao valor 'MDd_DynamicDebug' no Rinha.obj
sfml-graphics-s.lib(RenderStates.cpp.obj) : error LNK2038: não correspondência detectada para '_ITERATOR_DEBUG_LEVEL': valor '0' não corresponde ao valor '2' no Rinha.obj
sfml-graphics-s.lib(RenderStates.cpp.obj) : error LNK2038: não correspondência detectada para 'RuntimeLibrary': valor 'MD_DynamicRelease' não corresponde ao valor 'MDd_DynamicDebug' no Rinha.obj
sfml-graphics-s.lib(Transform.cpp.obj) : error LNK2038: não correspondência detectada para '_ITERATOR_DEBUG_LEVEL': valor '0' não corresponde ao valor '2' no Rinha.obj
sfml-graphics-s.lib(Transform.cpp.obj) : error LNK2038: não correspondência detectada para 'RuntimeLibrary': valor 'MD_DynamicRelease' não corresponde ao valor 'MDd_DynamicDebug' no Rinha.obj
sfml-graphics-s.lib(Transformable.cpp.obj) : error LNK2038: não correspondência detectada para '_ITERATOR_DEBUG_LEVEL': valor '0' não corresponde ao valor '2' no Rinha.obj
sfml-graphics-s.lib(Transformable.cpp.obj) : error LNK2038: não correspondência detectada para 'RuntimeLibrary': valor 'MD_DynamicRelease' não corresponde ao valor 'MDd_DynamicDebug' no Rinha.obj
sfml-graphics-s.lib(VertexArray.cpp.obj) : error LNK2038: não correspondência detectada para '_ITERATOR_DEBUG_LEVEL': valor '0' não corresponde ao valor '2' no Rinha.obj
sfml-graphics-s.lib(VertexArray.cpp.obj) : error LNK2038: não correspondência detectada para 'RuntimeLibrary': valor 'MD_DynamicRelease' não corresponde ao valor 'MDd_DynamicDebug' no Rinha.obj
sfml-graphics-s.lib(Texture.cpp.obj) : error LNK2038: não correspondência detectada para '_ITERATOR_DEBUG_LEVEL': valor '0' não corresponde ao valor '2' no Rinha.obj
sfml-graphics-s.lib(Texture.cpp.obj) : error LNK2038: não correspondência detectada para 'RuntimeLibrary': valor 'MD_DynamicRelease' não corresponde ao valor 'MDd_DynamicDebug' no Rinha.obj
sfml-graphics-s.lib(View.cpp.obj) : error LNK2038: não correspondência detectada para '_ITERATOR_DEBUG_LEVEL': valor '0' não corresponde ao valor '2' no Rinha.obj
sfml-graphics-s.lib(View.cpp.obj) : error LNK2038: não correspondência detectada para 'RuntimeLibrary': valor 'MD_DynamicRelease' não corresponde ao valor 'MDd_DynamicDebug' no Rinha.obj
sfml-graphics-s.lib(Shader.cpp.obj) : error LNK2038: não correspondência detectada para '_ITERATOR_DEBUG_LEVEL': valor '0' não corresponde ao valor '2' no Rinha.obj
sfml-graphics-s.lib(Shader.cpp.obj) : error LNK2038: não correspondência detectada para 'RuntimeLibrary': valor 'MD_DynamicRelease' não corresponde ao valor 'MDd_DynamicDebug' no Rinha.obj
sfml-graphics-s.lib(VertexBuffer.cpp.obj) : error LNK2038: não correspondência detectada para '_ITERATOR_DEBUG_LEVEL': valor '0' não corresponde ao valor '2' no Rinha.obj
sfml-graphics-s.lib(VertexBuffer.cpp.obj) : error LNK2038: não correspondência detectada para 'RuntimeLibrary': valor 'MD_DynamicRelease' não corresponde ao valor 'MDd_DynamicDebug' no Rinha.obj
sfml-graphics-s.lib(GLExtensions.cpp.obj) : error LNK2038: não correspondência detectada para '_ITERATOR_DEBUG_LEVEL': valor '0' não corresponde ao valor '2' no Rinha.obj
sfml-graphics-s.lib(GLExtensions.cpp.obj) : error LNK2038: não correspondência detectada para 'RuntimeLibrary': valor 'MD_DynamicRelease' não corresponde ao valor 'MDd_DynamicDebug' no Rinha.obj
sfml-graphics-s.lib(RenderTextureImplFBO.cpp.obj) : error LNK2038: não correspondência detectada para '_ITERATOR_DEBUG_LEVEL': valor '0' não corresponde ao valor '2' no Rinha.obj
sfml-graphics-s.lib(RenderTextureImplFBO.cpp.obj) : error LNK2038: não correspondência detectada para 'RuntimeLibrary': valor 'MD_DynamicRelease' não corresponde ao valor 'MDd_DynamicDebug' no Rinha.obj
sfml-graphics-s.lib(Image.cpp.obj) : error LNK2038: não correspondência detectada para '_ITERATOR_DEBUG_LEVEL': valor '0' não corresponde ao valor '2' no Rinha.obj
sfml-graphics-s.lib(Image.cpp.obj) : error LNK2038: não correspondência detectada para 'RuntimeLibrary': valor 'MD_DynamicRelease' não corresponde ao valor 'MDd_DynamicDebug' no Rinha.obj
sfml-graphics-s.lib(Glsl.cpp.obj) : error LNK2038: não correspondência detectada para '_ITERATOR_DEBUG_LEVEL': valor '0' não corresponde ao valor '2' no Rinha.obj
sfml-graphics-s.lib(Glsl.cpp.obj) : error LNK2038: não correspondência detectada para 'RuntimeLibrary': valor 'MD_DynamicRelease' não corresponde ao valor 'MDd_DynamicDebug' no Rinha.obj
sfml-graphics-s.lib(ImageLoader.cpp.obj) : error LNK2038: não correspondência detectada para '_ITERATOR_DEBUG_LEVEL': valor '0' não corresponde ao valor '2' no Rinha.obj
sfml-graphics-s.lib(ImageLoader.cpp.obj) : error LNK2038: não correspondência detectada para 'RuntimeLibrary': valor 'MD_DynamicRelease' não corresponde ao valor 'MDd_DynamicDebug' no Rinha.obj
LINK : warning LNK4098: defaultlib 'MSVCRT' conflita com uso de outras bibliotecas; use /NODEFAULTLIB:library
C:\TBRB\Rooster\x64\Debug\Rinha.exe : fatal error LNK1319: 66 não correspondências detectadas
